<?xml version="1.0" encoding="utf-8"?><testsuites name="pytest tests"><testsuite name="pytest" errors="0" failures="0" skipped="0" tests="17" time="8.091" timestamp="2026-06-25T09:48:27.447479+00:00" hostname="agent-env-5438ec67-0202-4f40-bd89-58ae2654aedb"><testcase classname="backend.tests.backend_test.TestAuth" name="test_login_success" time="1.322" /><testcase classname="backend.tests.backend_test.TestAuth" name="test_login_wrong_password" time="0.558" /><testcase classname="backend.tests.backend_test.TestAuth" name="test_me_requires_token" time="0.140" /><testcase classname="backend.tests.backend_test.TestAuth" name="test_me_with_token" time="0.706" /><testcase classname="backend.tests.backend_test.TestOrderCreate" name="test_create_cart_order" time="0.152" /><testcase classname="backend.tests.backend_test.TestOrderCreate" name="test_create_booking_order" time="0.145" /><testcase classname="backend.tests.backend_test.TestProtected" name="test_list_orders_no_auth" time="0.144" /><testcase classname="backend.tests.backend_test.TestProtected" name="test_stats_no_auth" time="0.143" /><testcase classname="backend.tests.backend_test.TestProtected" name="test_patch_no_auth" time="0.265" /><testcase classname="backend.tests.backend_test.TestProtected" name="test_delete_no_auth" time="0.135" /><testcase classname="backend.tests.backend_test.TestProtected" name="test_list_orders_with_auth" time="0.167" /><testcase classname="backend.tests.backend_test.TestProtected" name="test_list_orders_with_status_filter" time="0.156" /><testcase classname="backend.tests.backend_test.TestProtected" name="test_stats_with_auth" time="0.136" /><testcase classname="backend.tests.backend_test.TestStatusUpdate" name="test_status_update_flow" time="1.236" /><testcase classname="backend.tests.backend_test.TestRevenue" name="test_revenue_excludes_cancelled" time="1.011" /><testcase classname="backend.tests.backend_test.TestDelete" name="test_delete_flow" time="0.482" /><testcase classname="backend.tests.backend_test" name="test_cleanup_test_orders" time="0.459" /></testsuite></testsuites>